 
****************************************
Report : area
Design : fifo
Version: T-2022.03-SP5
Date   : Sat Sep 28 14:18:36 2024
****************************************

Library(s) Used:

    saed32rvt_tt1p05v25c (File: /home/student/Downloads/Course_work/EDK/saed32rvt/saed32rvt_tt1p05v25c.db)

Number of ports:                           22
Number of nets:                           472
Number of cells:                          453
Number of combinational cells:            309
Number of sequential cells:               144
Number of macros/black boxes:               0
Number of buf/inv:                         25
Number of references:                      18

Combinational area:                878.067535
Buf/Inv area:                       43.966914
Noncombinational area:             951.515167
Macro/Black Box area:                0.000000
Net Interconnect area:             322.359835

Total cell area:                  1829.582702
Total area:                       2151.942537
1
