 
****************************************
Report : power
        -analysis_effort low
Design : fifo
Version: T-2022.03-SP5
Date   : Sat Sep 28 14:20:20 2024
****************************************


Library(s) Used:

    saed32rvt_tt1p05v25c (File: /home/student/Downloads/Course_work/EDK/saed32rvt/saed32rvt_tt1p05v25c.db)


Operating Conditions: tt1p05v25c   Library: saed32rvt_tt1p05v25c
Wire Load Model Mode: enclosed

Design        Wire Load Model            Library
------------------------------------------------
fifo                   8000              saed32rvt_tt1p05v25c


Global Operating Voltage = 1.05 
Power-specific unit information :
    Voltage Units = 1V
    Capacitance Units = 1.000000ff
    Time Units = 1ns
    Dynamic Power Units = 1uW    (derived from V,C,T units)
    Leakage Power Units = 1pW


Attributes
----------
i - Including register clock pin internal power


  Cell Internal Power  =  64.2976 uW   (87%)
  Net Switching Power  =   9.9780 uW   (13%)
                         ---------
Total Dynamic Power    =  74.2756 uW  (100%)

Cell Leakage Power     = 211.3325 uW

Information: report_power power group summary does not include estimated clock tree power. (PWR-789)

                 Internal         Switching           Leakage            Total
Power Group      Power            Power               Power              Power   (   %    )  Attrs
--------------------------------------------------------------------------------------------------
io_pad             0.0000            0.0000            0.0000            0.0000  (   0.00%)
memory             0.0000            0.0000            0.0000            0.0000  (   0.00%)
black_box          0.0000            0.0000            0.0000            0.0000  (   0.00%)
clock_network      0.0000            0.0000            0.0000            0.0000  (   0.00%)  i
register           0.0000            0.0000            0.0000            0.0000  (   0.00%)
sequential        53.0053            0.3423        1.5465e+08          207.9932  (  72.82%)
combinational     11.2923            9.6358        5.6687e+07           77.6149  (  27.18%)
--------------------------------------------------------------------------------------------------
Total             64.2976 uW         9.9780 uW     2.1133e+08 pW       285.6081 uW
1
